<?xml version="1.0" encoding="UTF-8"?>
<!-- Generated by org.testng.reporters.JUnitXMLReporter -->
<testsuite ignored="4" hostname="LAPTOP-JD64RE6Q" failures="0" tests="3" name="Test" time="19.491" errors="0" timestamp="2022-01-01T12:02:28 IST">
  <testcase classname="frame2.InstituteTest" name="instituteTest" time="8.59"/>
  <testcase classname="frame2.FbTest" name="fbTest" time="2.975"/>
  <testcase classname="frame2.GmailTest" name="gmailTest" time="7.821"/>
  <testcase classname="frame1.BaseTest" name="@AfterSuite closeBrowser" time="0.0">
    <ignored/>
  </testcase> <!-- @AfterSuite closeBrowser -->
  <testcase classname="frame1.BaseTest" name="@AfterSuite closeBrowser" time="0.0">
    <ignored/>
  </testcase> <!-- @AfterSuite closeBrowser -->
  <testcase classname="frame1.BaseTest" name="@BeforeSuite openBrowser" time="0.0">
    <ignored/>
  </testcase> <!-- @BeforeSuite openBrowser -->
  <testcase classname="frame1.BaseTest" name="@BeforeSuite openBrowser" time="0.0">
    <ignored/>
  </testcase> <!-- @BeforeSuite openBrowser -->
</testsuite> <!-- Test -->
